<?xml version="1.0" encoding="utf-8"?>
<CoverageSession xmlns:xsd="http://www.w3.org/2001/XMLSchema" xmlns:xsi="http://www.w3.org/2001/XMLSchema-instance" Version="4.7.922.0">
  <Summary numSequencePoints="38" visitedSequencePoints="36" numBranchPoints="22" visitedBranchPoints="18" sequenceCoverage="94.74" branchCoverage="81.82" maxCyclomaticComplexity="8" minCyclomaticComplexity="0" maxCrapScore="12" minCrapScore="0" visitedClasses="5" numClasses="5" visitedMethods="12" numMethods="12" />
  <Modules>
    <Module skippedDueTo="Filter" hash="1E-50-59-CB-7E-42-BB-E7-C7-C2-F7-3A-23-94-67-72-09-56-B0-91">
      <ModulePath>C:\Program Files\dotnet\shared\Microsoft.NETCore.App\3.0.0\System.Private.CoreLib.dll</ModulePath>
      <ModuleTime>2019-09-13T03:05:06Z</ModuleTime>
      <ModuleName>System.Private.CoreLib</ModuleName>
      <Classes />
    </Module>
    <Module hash="84-84-AF-05-1E-17-48-0C-A2-53-25-05-EF-C2-C4-1C-25-4A-93-AC">
      <Summary numSequencePoints="38" visitedSequencePoints="36" numBranchPoints="22" visitedBranchPoints="18" sequenceCoverage="94.74" branchCoverage="81.82" maxCyclomaticComplexity="8" minCyclomaticComplexity="0" maxCrapScore="12" minCrapScore="0" visitedClasses="5" numClasses="5" visitedMethods="12" numMethods="12" />
      <ModulePath>D:\Unique-Counter\C-Sharp\Unique-Counter\bin\Debug\netcoreapp3.0\Unique-Counter.dll</ModulePath>
      <ModuleTime>2019-12-04T22:41:53.1948736Z</ModuleTime>
      <ModuleName>Unique-Counter</ModuleName>
      <Files>
        <File uid="1" fullPath="D:\Unique-Counter\C-Sharp\Unique-Counter\Program.cs" />
      </Files>
      <Classes>
        <Class>
          <Summary numSequencePoints="0" visitedSequencePoints="0" numBranchPoints="0" visitedBranchPoints="0" sequenceCoverage="0" branchCoverage="0" maxCyclomaticComplexity="0" minCyclomaticComplexity="0" maxCrapScore="0" minCrapScore="0" visitedClasses="0" numClasses="0" visitedMethods="0" numMethods="0" />
          <FullName>&lt;Module&gt;</FullName>
          <Methods />
        </Class>
        <Class>
          <Summary numSequencePoints="5" visitedSequencePoints="5" numBranchPoints="1" visitedBranchPoints="1" sequenceCoverage="100" branchCoverage="100" maxCyclomaticComplexity="1" minCyclomaticComplexity="1" maxCrapScore="2" minCrapScore="1" visitedClasses="1" numClasses="1" visitedMethods="1" numMethods="1" />
          <FullName>Unique_Counter.Program</FullName>
          <Methods>
            <Method visited="true" cyclomaticComplexity="1" nPathComplexity="0" sequenceCoverage="100" branchCoverage="100" crapScore="1" isConstructor="false" isStatic="true" isGetter="false" isSetter="false">
              <Summary numSequencePoints="5" visitedSequencePoints="5" numBranchPoints="1" visitedBranchPoints="1" sequenceCoverage="100" branchCoverage="100" maxCyclomaticComplexity="1" minCyclomaticComplexity="1" maxCrapScore="1" minCrapScore="1" visitedClasses="0" numClasses="0" visitedMethods="1" numMethods="1" />
              <MetadataToken>100663297</MetadataToken>
              <Name>System.Void Unique_Counter.Program::Main(System.String[])</Name>
              <FileRef uid="1" />
              <SequencePoints>
                <SequencePoint vc="1" uspid="1" ordinal="0" offset="0" sl="10" sc="9" el="10" ec="10" bec="0" bev="0" fileid="1" />
                <SequencePoint vc="1" uspid="2" ordinal="1" offset="1" sl="11" sc="13" el="11" ec="1103" bec="0" bev="0" fileid="1" />
                <SequencePoint vc="1" uspid="3" ordinal="2" offset="7" sl="13" sc="13" el="13" ec="60" bec="0" bev="0" fileid="1" />
                <SequencePoint vc="1" uspid="4" ordinal="3" offset="13" sl="18" sc="13" el="18" ec="138" bec="0" bev="0" fileid="1" />
                <SequencePoint vc="1" uspid="5" ordinal="4" offset="37" sl="20" sc="9" el="20" ec="10" bec="0" bev="0" fileid="1" />
              </SequencePoints>
              <BranchPoints />
              <MethodPoint xsi:type="SequencePoint" vc="1" uspid="1" ordinal="0" offset="0" sl="10" sc="9" el="10" ec="10" bec="0" bev="0" fileid="1" />
            </Method>
            <Method visited="false" cyclomaticComplexity="1" nPathComplexity="0" sequenceCoverage="0" branchCoverage="0" crapScore="2" isConstructor="true" isStatic="false" isGetter="false" isSetter="false">
              <Summary numSequencePoints="0" visitedSequencePoints="0" numBranchPoints="0" visitedBranchPoints="0" sequenceCoverage="0" branchCoverage="0" maxCyclomaticComplexity="1" minCyclomaticComplexity="1" maxCrapScore="2" minCrapScore="2" visitedClasses="0" numClasses="0" visitedMethods="0" numMethods="0" />
              <MetadataToken>100663298</MetadataToken>
              <Name>System.Void Unique_Counter.Program::.ctor()</Name>
              <SequencePoints />
              <BranchPoints />
              <MethodPoint vc="0" uspid="6" ordinal="0" offset="0" />
            </Method>
          </Methods>
        </Class>
        <Class>
          <Summary numSequencePoints="8" visitedSequencePoints="8" numBranchPoints="9" visitedBranchPoints="6" sequenceCoverage="100" branchCoverage="66.67" maxCyclomaticComplexity="4" minCyclomaticComplexity="1" maxCrapScore="4" minCrapScore="1" visitedClasses="1" numClasses="1" visitedMethods="3" numMethods="3" />
          <FullName>Unique_Counter.WordCountHelper</FullName>
          <Methods>
            <Method visited="true" cyclomaticComplexity="1" nPathComplexity="0" sequenceCoverage="100" branchCoverage="100" crapScore="1" isConstructor="true" isStatic="false" isGetter="false" isSetter="false">
              <Summary numSequencePoints="3" visitedSequencePoints="3" numBranchPoints="1" visitedBranchPoints="1" sequenceCoverage="100" branchCoverage="100" maxCyclomaticComplexity="1" minCyclomaticComplexity="1" maxCrapScore="1" minCrapScore="1" visitedClasses="0" numClasses="0" visitedMethods="1" numMethods="1" />
              <MetadataToken>100663299</MetadataToken>
              <Name>System.Void Unique_Counter.WordCountHelper::.ctor()</Name>
              <FileRef uid="1" />
              <SequencePoints>
                <SequencePoint vc="1" uspid="7" ordinal="0" offset="0" sl="28" sc="9" el="28" ec="33" bec="0" bev="0" fileid="1" />
                <SequencePoint vc="1" uspid="8" ordinal="1" offset="7" sl="29" sc="9" el="29" ec="10" bec="0" bev="0" fileid="1" />
                <SequencePoint vc="1" uspid="9" ordinal="2" offset="8" sl="30" sc="9" el="30" ec="10" bec="0" bev="0" fileid="1" />
              </SequencePoints>
              <BranchPoints />
              <MethodPoint xsi:type="SequencePoint" vc="1" uspid="7" ordinal="0" offset="0" sl="28" sc="9" el="28" ec="33" bec="0" bev="0" fileid="1" />
            </Method>
            <Method visited="true" cyclomaticComplexity="4" nPathComplexity="8" sequenceCoverage="100" branchCoverage="57.14" crapScore="4" isConstructor="false" isStatic="false" isGetter="false" isSetter="false">
              <Summary numSequencePoints="4" visitedSequencePoints="4" numBranchPoints="7" visitedBranchPoints="4" sequenceCoverage="100" branchCoverage="57.14" maxCyclomaticComplexity="4" minCyclomaticComplexity="4" maxCrapScore="4" minCrapScore="4" visitedClasses="0" numClasses="0" visitedMethods="1" numMethods="1" />
              <MetadataToken>100663300</MetadataToken>
              <Name>System.Collections.Generic.List`1&lt;Unique_Counter.WordCount&gt; Unique_Counter.WordCountHelper::WordsCountList(System.String)</Name>
              <FileRef uid="1" />
              <SequencePoints>
                <SequencePoint vc="1" uspid="10" ordinal="0" offset="0" sl="33" sc="9" el="33" ec="10" bec="0" bev="0" fileid="1" />
                <SequencePoint vc="1" uspid="11" ordinal="1" offset="1" sl="35" sc="13" el="35" ec="142" bec="0" bev="0" fileid="1" />
                <SequencePoint vc="1" uspid="12" ordinal="2" offset="26" sl="37" sc="13" el="46" ec="27" bec="6" bev="3" fileid="1" />
                <SequencePoint vc="1" uspid="13" ordinal="3" offset="160" sl="47" sc="9" el="47" ec="10" bec="0" bev="0" fileid="1" />
              </SequencePoints>
              <BranchPoints>
                <BranchPoint vc="1" uspid="14" ordinal="0" offset="33" sl="37" path="0" offsetend="35" fileid="1" />
                <BranchPoint vc="0" uspid="15" ordinal="1" offset="33" sl="37" path="1" offsetend="58" fileid="1" />
                <BranchPoint vc="1" uspid="16" ordinal="2" offset="86" sl="37" path="0" offsetend="88" fileid="1" />
                <BranchPoint vc="0" uspid="17" ordinal="3" offset="86" sl="37" path="1" offsetend="111" fileid="1" />
                <BranchPoint vc="1" uspid="18" ordinal="4" offset="122" sl="37" path="0" offsetend="124" fileid="1" />
                <BranchPoint vc="0" uspid="19" ordinal="5" offset="122" sl="37" path="1" offsetend="147" fileid="1" />
              </BranchPoints>
              <MethodPoint xsi:type="SequencePoint" vc="1" uspid="10" ordinal="0" offset="0" sl="33" sc="9" el="33" ec="10" bec="0" bev="0" fileid="1" />
            </Method>
            <Method visited="false" cyclomaticComplexity="1" nPathComplexity="0" sequenceCoverage="0" branchCoverage="0" crapScore="2" isConstructor="false" isStatic="false" isGetter="false" isSetter="false">
              <Summary numSequencePoints="0" visitedSequencePoints="0" numBranchPoints="0" visitedBranchPoints="0" sequenceCoverage="0" branchCoverage="0" maxCyclomaticComplexity="1" minCyclomaticComplexity="1" maxCrapScore="2" minCrapScore="2" visitedClasses="0" numClasses="0" visitedMethods="0" numMethods="0" />
              <MetadataToken>100663301</MetadataToken>
              <Name>System.Collections.Generic.IEnumerable`1&lt;System.Char&gt; Unique_Counter.WordCountHelper::CharsToTitleCase(System.String)</Name>
              <SequencePoints />
              <BranchPoints />
              <MethodPoint vc="0" uspid="20" ordinal="0" offset="0" />
            </Method>
            <Method visited="true" cyclomaticComplexity="1" nPathComplexity="0" sequenceCoverage="100" branchCoverage="100" crapScore="1" isConstructor="false" isStatic="false" isGetter="false" isSetter="false">
              <Summary numSequencePoints="1" visitedSequencePoints="1" numBranchPoints="1" visitedBranchPoints="1" sequenceCoverage="100" branchCoverage="100" maxCyclomaticComplexity="1" minCyclomaticComplexity="1" maxCrapScore="1" minCrapScore="1" visitedClasses="0" numClasses="0" visitedMethods="1" numMethods="1" />
              <MetadataToken>100663302</MetadataToken>
              <Name>Unique_Counter.WordCount Unique_Counter.WordCountHelper::&lt;WordsCountList&gt;b__1_1(System.Linq.IGrouping`2&lt;System.String,System.String&gt;)</Name>
              <FileRef uid="1" />
              <SequencePoints>
                <SequencePoint vc="104" uspid="21" ordinal="0" offset="0" sl="39" sc="30" el="43" ec="18" bec="0" bev="0" fileid="1" />
              </SequencePoints>
              <BranchPoints />
              <MethodPoint xsi:type="SequencePoint" vc="104" uspid="21" ordinal="0" offset="0" sl="39" sc="30" el="43" ec="18" bec="0" bev="0" fileid="1" />
            </Method>
          </Methods>
        </Class>
        <Class>
          <Summary numSequencePoints="3" visitedSequencePoints="3" numBranchPoints="3" visitedBranchPoints="3" sequenceCoverage="100" branchCoverage="100" maxCyclomaticComplexity="1" minCyclomaticComplexity="1" maxCrapScore="2" minCrapScore="1" visitedClasses="1" numClasses="1" visitedMethods="3" numMethods="3" />
          <FullName>Unique_Counter.WordCountHelper/&lt;&gt;c</FullName>
          <Methods>
            <Method visited="false" cyclomaticComplexity="1" nPathComplexity="0" sequenceCoverage="0" branchCoverage="0" crapScore="2" isConstructor="true" isStatic="true" isGetter="false" isSetter="false">
              <Summary numSequencePoints="0" visitedSequencePoints="0" numBranchPoints="0" visitedBranchPoints="0" sequenceCoverage="0" branchCoverage="0" maxCyclomaticComplexity="1" minCyclomaticComplexity="1" maxCrapScore="2" minCrapScore="2" visitedClasses="0" numClasses="0" visitedMethods="0" numMethods="0" />
              <MetadataToken>100663308</MetadataToken>
              <Name>System.Void Unique_Counter.WordCountHelper/&lt;&gt;c::.cctor()</Name>
              <SequencePoints />
              <BranchPoints />
              <MethodPoint vc="0" uspid="22" ordinal="0" offset="0" />
            </Method>
            <Method visited="false" cyclomaticComplexity="1" nPathComplexity="0" sequenceCoverage="0" branchCoverage="0" crapScore="2" isConstructor="true" isStatic="false" isGetter="false" isSetter="false">
              <Summary numSequencePoints="0" visitedSequencePoints="0" numBranchPoints="0" visitedBranchPoints="0" sequenceCoverage="0" branchCoverage="0" maxCyclomaticComplexity="1" minCyclomaticComplexity="1" maxCrapScore="2" minCrapScore="2" visitedClasses="0" numClasses="0" visitedMethods="0" numMethods="0" />
              <MetadataToken>100663309</MetadataToken>
              <Name>System.Void Unique_Counter.WordCountHelper/&lt;&gt;c::.ctor()</Name>
              <SequencePoints />
              <BranchPoints />
              <MethodPoint vc="0" uspid="23" ordinal="0" offset="0" />
            </Method>
            <Method visited="true" cyclomaticComplexity="1" nPathComplexity="0" sequenceCoverage="100" branchCoverage="100" crapScore="1" isConstructor="false" isStatic="false" isGetter="false" isSetter="false">
              <Summary numSequencePoints="1" visitedSequencePoints="1" numBranchPoints="1" visitedBranchPoints="1" sequenceCoverage="100" branchCoverage="100" maxCyclomaticComplexity="1" minCyclomaticComplexity="1" maxCrapScore="1" minCrapScore="1" visitedClasses="0" numClasses="0" visitedMethods="1" numMethods="1" />
              <MetadataToken>100663310</MetadataToken>
              <Name>System.String Unique_Counter.WordCountHelper/&lt;&gt;c::&lt;WordsCountList&gt;b__1_0(System.String)</Name>
              <FileRef uid="1" />
              <SequencePoints>
                <SequencePoint vc="188" uspid="24" ordinal="0" offset="0" sl="38" sc="31" el="38" ec="42" bec="0" bev="0" fileid="1" />
              </SequencePoints>
              <BranchPoints />
              <MethodPoint xsi:type="SequencePoint" vc="188" uspid="24" ordinal="0" offset="0" sl="38" sc="31" el="38" ec="42" bec="0" bev="0" fileid="1" />
            </Method>
            <Method visited="true" cyclomaticComplexity="1" nPathComplexity="0" sequenceCoverage="100" branchCoverage="100" crapScore="1" isConstructor="false" isStatic="false" isGetter="false" isSetter="false">
              <Summary numSequencePoints="1" visitedSequencePoints="1" numBranchPoints="1" visitedBranchPoints="1" sequenceCoverage="100" branchCoverage="100" maxCyclomaticComplexity="1" minCyclomaticComplexity="1" maxCrapScore="1" minCrapScore="1" visitedClasses="0" numClasses="0" visitedMethods="1" numMethods="1" />
              <MetadataToken>100663311</MetadataToken>
              <Name>System.Int32 Unique_Counter.WordCountHelper/&lt;&gt;c::&lt;WordsCountList&gt;b__1_2(Unique_Counter.WordCount)</Name>
              <FileRef uid="1" />
              <SequencePoints>
                <SequencePoint vc="104" uspid="25" ordinal="0" offset="0" sl="44" sc="41" el="44" ec="48" bec="0" bev="0" fileid="1" />
              </SequencePoints>
              <BranchPoints />
              <MethodPoint xsi:type="SequencePoint" vc="104" uspid="25" ordinal="0" offset="0" sl="44" sc="41" el="44" ec="48" bec="0" bev="0" fileid="1" />
            </Method>
            <Method visited="true" cyclomaticComplexity="1" nPathComplexity="0" sequenceCoverage="100" branchCoverage="100" crapScore="1" isConstructor="false" isStatic="false" isGetter="false" isSetter="false">
              <Summary numSequencePoints="1" visitedSequencePoints="1" numBranchPoints="1" visitedBranchPoints="1" sequenceCoverage="100" branchCoverage="100" maxCyclomaticComplexity="1" minCyclomaticComplexity="1" maxCrapScore="1" minCrapScore="1" visitedClasses="0" numClasses="0" visitedMethods="1" numMethods="1" />
              <MetadataToken>100663312</MetadataToken>
              <Name>System.String Unique_Counter.WordCountHelper/&lt;&gt;c::&lt;WordsCountList&gt;b__1_3(Unique_Counter.WordCount)</Name>
              <FileRef uid="1" />
              <SequencePoints>
                <SequencePoint vc="104" uspid="26" ordinal="0" offset="0" sl="45" sc="30" el="45" ec="36" bec="0" bev="0" fileid="1" />
              </SequencePoints>
              <BranchPoints />
              <MethodPoint xsi:type="SequencePoint" vc="104" uspid="26" ordinal="0" offset="0" sl="45" sc="30" el="45" ec="36" bec="0" bev="0" fileid="1" />
            </Method>
          </Methods>
        </Class>
        <Class>
          <Summary numSequencePoints="18" visitedSequencePoints="16" numBranchPoints="5" visitedBranchPoints="4" sequenceCoverage="88.89" branchCoverage="80" maxCyclomaticComplexity="8" minCyclomaticComplexity="1" maxCrapScore="12" minCrapScore="2" visitedClasses="1" numClasses="1" visitedMethods="1" numMethods="1" />
          <FullName>Unique_Counter.WordCountHelper/&lt;CharsToTitleCase&gt;d__2</FullName>
          <Methods>
            <Method visited="false" cyclomaticComplexity="1" nPathComplexity="0" sequenceCoverage="0" branchCoverage="0" crapScore="2" isConstructor="false" isStatic="false" isGetter="true" isSetter="false">
              <Summary numSequencePoints="0" visitedSequencePoints="0" numBranchPoints="0" visitedBranchPoints="0" sequenceCoverage="0" branchCoverage="0" maxCyclomaticComplexity="1" minCyclomaticComplexity="1" maxCrapScore="2" minCrapScore="2" visitedClasses="0" numClasses="0" visitedMethods="0" numMethods="0" />
              <MetadataToken>100663316</MetadataToken>
              <Name>System.Char Unique_Counter.WordCountHelper/&lt;CharsToTitleCase&gt;d__2::System.Collections.Generic.IEnumerator&lt;System.Char&gt;.get_Current()</Name>
              <SequencePoints />
              <BranchPoints />
              <MethodPoint vc="0" uspid="27" ordinal="0" offset="0" />
            </Method>
            <Method visited="false" cyclomaticComplexity="1" nPathComplexity="0" sequenceCoverage="0" branchCoverage="0" crapScore="2" isConstructor="false" isStatic="false" isGetter="true" isSetter="false">
              <Summary numSequencePoints="0" visitedSequencePoints="0" numBranchPoints="0" visitedBranchPoints="0" sequenceCoverage="0" branchCoverage="0" maxCyclomaticComplexity="1" minCyclomaticComplexity="1" maxCrapScore="2" minCrapScore="2" visitedClasses="0" numClasses="0" visitedMethods="0" numMethods="0" />
              <MetadataToken>100663318</MetadataToken>
              <Name>System.Object Unique_Counter.WordCountHelper/&lt;CharsToTitleCase&gt;d__2::System.Collections.IEnumerator.get_Current()</Name>
              <SequencePoints />
              <BranchPoints />
              <MethodPoint vc="0" uspid="28" ordinal="0" offset="0" />
            </Method>
            <Method visited="false" cyclomaticComplexity="1" nPathComplexity="0" sequenceCoverage="0" branchCoverage="0" crapScore="2" isConstructor="true" isStatic="false" isGetter="false" isSetter="false">
              <Summary numSequencePoints="0" visitedSequencePoints="0" numBranchPoints="0" visitedBranchPoints="0" sequenceCoverage="0" branchCoverage="0" maxCyclomaticComplexity="1" minCyclomaticComplexity="1" maxCrapScore="2" minCrapScore="2" visitedClasses="0" numClasses="0" visitedMethods="0" numMethods="0" />
              <MetadataToken>100663313</MetadataToken>
              <Name>System.Void Unique_Counter.WordCountHelper/&lt;CharsToTitleCase&gt;d__2::.ctor(System.Int32)</Name>
              <SequencePoints />
              <BranchPoints />
              <MethodPoint vc="0" uspid="29" ordinal="0" offset="0" />
            </Method>
            <Method visited="false" cyclomaticComplexity="1" nPathComplexity="0" sequenceCoverage="0" branchCoverage="0" crapScore="2" isConstructor="false" isStatic="false" isGetter="false" isSetter="false">
              <Summary numSequencePoints="0" visitedSequencePoints="0" numBranchPoints="0" visitedBranchPoints="0" sequenceCoverage="0" branchCoverage="0" maxCyclomaticComplexity="1" minCyclomaticComplexity="1" maxCrapScore="2" minCrapScore="2" visitedClasses="0" numClasses="0" visitedMethods="0" numMethods="0" />
              <MetadataToken>100663314</MetadataToken>
              <Name>System.Void Unique_Counter.WordCountHelper/&lt;CharsToTitleCase&gt;d__2::System.IDisposable.Dispose()</Name>
              <SequencePoints />
              <BranchPoints />
              <MethodPoint vc="0" uspid="30" ordinal="0" offset="0" />
            </Method>
            <Method visited="true" cyclomaticComplexity="8" nPathComplexity="4" sequenceCoverage="88.89" branchCoverage="80" crapScore="8.09" isConstructor="false" isStatic="false" isGetter="false" isSetter="false">
              <Summary numSequencePoints="18" visitedSequencePoints="16" numBranchPoints="5" visitedBranchPoints="4" sequenceCoverage="88.89" branchCoverage="80" maxCyclomaticComplexity="8" minCyclomaticComplexity="8" maxCrapScore="8.09" minCrapScore="8.09" visitedClasses="0" numClasses="0" visitedMethods="1" numMethods="1" />
              <MetadataToken>100663315</MetadataToken>
              <Name>System.Boolean Unique_Counter.WordCountHelper/&lt;CharsToTitleCase&gt;d__2::MoveNext()</Name>
              <FileRef uid="1" />
              <SequencePoints>
                <SequencePoint vc="104" uspid="31" ordinal="0" offset="45" sl="50" sc="9" el="50" ec="10" bec="0" bev="0" fileid="1" />
                <SequencePoint vc="104" uspid="32" ordinal="1" offset="46" sl="51" sc="13" el="51" ec="33" bec="0" bev="0" fileid="1" />
                <SequencePoint vc="104" uspid="33" ordinal="2" offset="53" sl="52" sc="13" el="52" ec="20" bec="0" bev="0" fileid="1" />
                <SequencePoint vc="104" uspid="34" ordinal="3" offset="54" sl="52" sc="32" el="52" ec="33" bec="0" bev="0" fileid="1" />
                <SequencePoint vc="564" uspid="35" ordinal="4" offset="78" sl="52" sc="22" el="52" ec="28" bec="0" bev="0" fileid="1" />
                <SequencePoint vc="564" uspid="36" ordinal="5" offset="101" sl="53" sc="13" el="53" ec="14" bec="0" bev="0" fileid="1" />
                <SequencePoint vc="564" uspid="37" ordinal="6" offset="102" sl="54" sc="17" el="54" ec="29" bec="2" bev="2" fileid="1" />
                <SequencePoint vc="104" uspid="38" ordinal="7" offset="112" sl="54" sc="30" el="54" ec="31" bec="0" bev="0" fileid="1" />
                <SequencePoint vc="104" uspid="39" ordinal="8" offset="113" sl="54" sc="32" el="54" ec="61" bec="0" bev="0" fileid="1" />
                <SequencePoint vc="104" uspid="40" ordinal="9" offset="146" sl="54" sc="62" el="54" ec="78" bec="0" bev="0" fileid="1" />
                <SequencePoint vc="104" uspid="41" ordinal="10" offset="153" sl="54" sc="79" el="54" ec="80" bec="0" bev="0" fileid="1" />
                <SequencePoint vc="460" uspid="42" ordinal="11" offset="156" sl="55" sc="22" el="55" ec="51" bec="0" bev="0" fileid="1" />
                <SequencePoint vc="564" uspid="43" ordinal="12" offset="189" sl="56" sc="17" el="56" ec="30" bec="2" bev="1" fileid="1" />
                <SequencePoint vc="0" uspid="44" ordinal="13" offset="203" sl="57" sc="17" el="57" ec="18" bec="0" bev="0" fileid="1" />
                <SequencePoint vc="0" uspid="45" ordinal="14" offset="204" sl="58" sc="21" el="58" ec="36" bec="0" bev="0" fileid="1" />
                <SequencePoint vc="564" uspid="47" ordinal="16" offset="212" sl="60" sc="13" el="60" ec="14" bec="0" bev="0" fileid="1" />
                <SequencePoint vc="668" uspid="48" ordinal="17" offset="227" sl="52" sc="29" el="52" ec="31" bec="0" bev="0" fileid="1" />
                <SequencePoint vc="104" uspid="49" ordinal="18" offset="256" sl="61" sc="9" el="61" ec="10" bec="0" bev="0" fileid="1" />
              </SequencePoints>
              <BranchPoints>
                <BranchPoint vc="104" uspid="50" ordinal="0" offset="110" sl="54" path="0" offsetend="112" fileid="1" />
                <BranchPoint vc="460" uspid="51" ordinal="1" offset="110" sl="54" path="1" offsetend="156" fileid="1" />
                <BranchPoint vc="0" uspid="52" ordinal="2" offset="201" sl="56" path="0" offsetend="203" fileid="1" />
                <BranchPoint vc="564" uspid="53" ordinal="3" offset="201" sl="56" path="1" offsetend="212" fileid="1" />
              </BranchPoints>
              <MethodPoint vc="668" uspid="56" ordinal="0" offset="0" />
            </Method>
            <Method visited="false" cyclomaticComplexity="1" nPathComplexity="0" sequenceCoverage="0" branchCoverage="0" crapScore="2" isConstructor="false" isStatic="false" isGetter="false" isSetter="false">
              <Summary numSequencePoints="0" visitedSequencePoints="0" numBranchPoints="0" visitedBranchPoints="0" sequenceCoverage="0" branchCoverage="0" maxCyclomaticComplexity="1" minCyclomaticComplexity="1" maxCrapScore="2" minCrapScore="2" visitedClasses="0" numClasses="0" visitedMethods="0" numMethods="0" />
              <MetadataToken>100663317</MetadataToken>
              <Name>System.Void Unique_Counter.WordCountHelper/&lt;CharsToTitleCase&gt;d__2::System.Collections.IEnumerator.Reset()</Name>
              <SequencePoints />
              <BranchPoints />
              <MethodPoint vc="0" uspid="57" ordinal="0" offset="0" />
            </Method>
            <Method visited="false" cyclomaticComplexity="3" nPathComplexity="0" sequenceCoverage="0" branchCoverage="0" crapScore="12" isConstructor="false" isStatic="false" isGetter="false" isSetter="false">
              <Summary numSequencePoints="0" visitedSequencePoints="0" numBranchPoints="0" visitedBranchPoints="0" sequenceCoverage="0" branchCoverage="0" maxCyclomaticComplexity="3" minCyclomaticComplexity="3" maxCrapScore="12" minCrapScore="12" visitedClasses="0" numClasses="0" visitedMethods="0" numMethods="0" />
              <MetadataToken>100663319</MetadataToken>
              <Name>System.Collections.Generic.IEnumerator`1&lt;System.Char&gt; Unique_Counter.WordCountHelper/&lt;CharsToTitleCase&gt;d__2::System.Collections.Generic.IEnumerable&lt;System.Char&gt;.GetEnumerator()</Name>
              <SequencePoints />
              <BranchPoints />
              <MethodPoint vc="0" uspid="58" ordinal="0" offset="0" />
            </Method>
            <Method visited="false" cyclomaticComplexity="1" nPathComplexity="0" sequenceCoverage="0" branchCoverage="0" crapScore="2" isConstructor="false" isStatic="false" isGetter="false" isSetter="false">
              <Summary numSequencePoints="0" visitedSequencePoints="0" numBranchPoints="0" visitedBranchPoints="0" sequenceCoverage="0" branchCoverage="0" maxCyclomaticComplexity="1" minCyclomaticComplexity="1" maxCrapScore="2" minCrapScore="2" visitedClasses="0" numClasses="0" visitedMethods="0" numMethods="0" />
              <MetadataToken>100663320</MetadataToken>
              <Name>System.Collections.IEnumerator Unique_Counter.WordCountHelper/&lt;CharsToTitleCase&gt;d__2::System.Collections.IEnumerable.GetEnumerator()</Name>
              <SequencePoints />
              <BranchPoints />
              <MethodPoint vc="0" uspid="59" ordinal="0" offset="0" />
            </Method>
          </Methods>
        </Class>
        <Class>
          <Summary numSequencePoints="4" visitedSequencePoints="4" numBranchPoints="4" visitedBranchPoints="4" sequenceCoverage="100" branchCoverage="100" maxCyclomaticComplexity="1" minCyclomaticComplexity="1" maxCrapScore="2" minCrapScore="1" visitedClasses="1" numClasses="1" visitedMethods="4" numMethods="4" />
          <FullName>Unique_Counter.WordCount</FullName>
          <Methods>
            <Method visited="true" cyclomaticComplexity="1" nPathComplexity="0" sequenceCoverage="100" branchCoverage="100" crapScore="1" isConstructor="false" isStatic="false" isGetter="true" isSetter="false">
              <Summary numSequencePoints="1" visitedSequencePoints="1" numBranchPoints="1" visitedBranchPoints="1" sequenceCoverage="100" branchCoverage="100" maxCyclomaticComplexity="1" minCyclomaticComplexity="1" maxCrapScore="1" minCrapScore="1" visitedClasses="0" numClasses="0" visitedMethods="1" numMethods="1" />
              <MetadataToken>100663303</MetadataToken>
              <Name>System.String Unique_Counter.WordCount::get_Word()</Name>
              <FileRef uid="1" />
              <SequencePoints>
                <SequencePoint vc="208" uspid="60" ordinal="0" offset="0" sl="66" sc="30" el="66" ec="34" bec="0" bev="0" fileid="1" />
              </SequencePoints>
              <BranchPoints />
              <MethodPoint xsi:type="SequencePoint" vc="208" uspid="60" ordinal="0" offset="0" sl="66" sc="30" el="66" ec="34" bec="0" bev="0" fileid="1" />
            </Method>
            <Method visited="true" cyclomaticComplexity="1" nPathComplexity="0" sequenceCoverage="100" branchCoverage="100" crapScore="1" isConstructor="false" isStatic="false" isGetter="false" isSetter="true">
              <Summary numSequencePoints="1" visitedSequencePoints="1" numBranchPoints="1" visitedBranchPoints="1" sequenceCoverage="100" branchCoverage="100" maxCyclomaticComplexity="1" minCyclomaticComplexity="1" maxCrapScore="1" minCrapScore="1" visitedClasses="0" numClasses="0" visitedMethods="1" numMethods="1" />
              <MetadataToken>100663304</MetadataToken>
              <Name>System.Void Unique_Counter.WordCount::set_Word(System.String)</Name>
              <FileRef uid="1" />
              <SequencePoints>
                <SequencePoint vc="104" uspid="61" ordinal="0" offset="0" sl="66" sc="35" el="66" ec="39" bec="0" bev="0" fileid="1" />
              </SequencePoints>
              <BranchPoints />
              <MethodPoint xsi:type="SequencePoint" vc="104" uspid="61" ordinal="0" offset="0" sl="66" sc="35" el="66" ec="39" bec="0" bev="0" fileid="1" />
            </Method>
            <Method visited="true" cyclomaticComplexity="1" nPathComplexity="0" sequenceCoverage="100" branchCoverage="100" crapScore="1" isConstructor="false" isStatic="false" isGetter="true" isSetter="false">
              <Summary numSequencePoints="1" visitedSequencePoints="1" numBranchPoints="1" visitedBranchPoints="1" sequenceCoverage="100" branchCoverage="100" maxCyclomaticComplexity="1" minCyclomaticComplexity="1" maxCrapScore="1" minCrapScore="1" visitedClasses="0" numClasses="0" visitedMethods="1" numMethods="1" />
              <MetadataToken>100663305</MetadataToken>
              <Name>System.Int32 Unique_Counter.WordCount::get_Count()</Name>
              <FileRef uid="1" />
              <SequencePoints>
                <SequencePoint vc="208" uspid="62" ordinal="0" offset="0" sl="67" sc="28" el="67" ec="32" bec="0" bev="0" fileid="1" />
              </SequencePoints>
              <BranchPoints />
              <MethodPoint xsi:type="SequencePoint" vc="208" uspid="62" ordinal="0" offset="0" sl="67" sc="28" el="67" ec="32" bec="0" bev="0" fileid="1" />
            </Method>
            <Method visited="true" cyclomaticComplexity="1" nPathComplexity="0" sequenceCoverage="100" branchCoverage="100" crapScore="1" isConstructor="false" isStatic="false" isGetter="false" isSetter="true">
              <Summary numSequencePoints="1" visitedSequencePoints="1" numBranchPoints="1" visitedBranchPoints="1" sequenceCoverage="100" branchCoverage="100" maxCyclomaticComplexity="1" minCyclomaticComplexity="1" maxCrapScore="1" minCrapScore="1" visitedClasses="0" numClasses="0" visitedMethods="1" numMethods="1" />
              <MetadataToken>100663306</MetadataToken>
              <Name>System.Void Unique_Counter.WordCount::set_Count(System.Int32)</Name>
              <FileRef uid="1" />
              <SequencePoints>
                <SequencePoint vc="104" uspid="63" ordinal="0" offset="0" sl="67" sc="33" el="67" ec="37" bec="0" bev="0" fileid="1" />
              </SequencePoints>
              <BranchPoints />
              <MethodPoint xsi:type="SequencePoint" vc="104" uspid="63" ordinal="0" offset="0" sl="67" sc="33" el="67" ec="37" bec="0" bev="0" fileid="1" />
            </Method>
            <Method visited="false" cyclomaticComplexity="1" nPathComplexity="0" sequenceCoverage="0" branchCoverage="0" crapScore="2" isConstructor="true" isStatic="false" isGetter="false" isSetter="false">
              <Summary numSequencePoints="0" visitedSequencePoints="0" numBranchPoints="0" visitedBranchPoints="0" sequenceCoverage="0" branchCoverage="0" maxCyclomaticComplexity="1" minCyclomaticComplexity="1" maxCrapScore="2" minCrapScore="2" visitedClasses="0" numClasses="0" visitedMethods="0" numMethods="0" />
              <MetadataToken>100663307</MetadataToken>
              <Name>System.Void Unique_Counter.WordCount::.ctor()</Name>
              <SequencePoints />
              <BranchPoints />
              <MethodPoint vc="0" uspid="64" ordinal="0" offset="0" />
            </Method>
          </Methods>
        </Class>
        <Class>
          <Summary numSequencePoints="0" visitedSequencePoints="0" numBranchPoints="0" visitedBranchPoints="0" sequenceCoverage="0" branchCoverage="0" maxCyclomaticComplexity="0" minCyclomaticComplexity="0" maxCrapScore="0" minCrapScore="0" visitedClasses="0" numClasses="0" visitedMethods="0" numMethods="0" />
          <FullName>&lt;PrivateImplementationDetails&gt;</FullName>
          <Methods />
        </Class>
      </Classes>
    </Module>
    <Module skippedDueTo="Filter" hash="E8-63-7E-C0-ED-10-09-3B-34-3F-C8-46-46-40-E3-BE-56-5F-D8-64">
      <ModulePath>C:\Program Files\dotnet\shared\Microsoft.NETCore.App\3.0.0\System.Runtime.dll</ModulePath>
      <ModuleTime>2019-09-13T19:08:52Z</ModuleTime>
      <ModuleName>System.Runtime</ModuleName>
      <Classes />
    </Module>
    <Module skippedDueTo="Filter" hash="40-AA-30-B8-EF-40-FF-6F-82-15-0E-3D-1C-C5-24-B7-C8-AA-18-90">
      <ModulePath>C:\Program Files\dotnet\shared\Microsoft.NETCore.App\3.0.0\System.Collections.dll</ModulePath>
      <ModuleTime>2019-09-13T19:08:46Z</ModuleTime>
      <ModuleName>System.Collections</ModuleName>
      <Classes />
    </Module>
    <Module skippedDueTo="MissingPdb" hash="85-7F-BB-C4-89-A6-C5-CB-13-89-D0-19-27-2F-7A-F2-8C-5A-F0-D0">
      <ModulePath>D:\Unique-Counter\C-Sharp\Unique-Counter\bin\Debug\netcoreapp3.0\ConsoleTableExt.dll</ModulePath>
      <ModuleTime>2018-12-25T06:51:52Z</ModuleTime>
      <ModuleName>ConsoleTableExt</ModuleName>
      <Classes />
    </Module>
    <Module skippedDueTo="MissingPdb" hash="C8-A7-11-DF-64-73-4F-55-1F-76-CD-D1-F7-DB-23-00-F4-0A-21-44">
      <ModulePath>C:\Program Files\dotnet\shared\Microsoft.NETCore.App\3.0.0\netstandard.dll</ModulePath>
      <ModuleTime>2019-09-13T19:08:48Z</ModuleTime>
      <ModuleName>netstandard</ModuleName>
      <Classes />
    </Module>
    <Module skippedDueTo="Filter" hash="CA-D6-18-24-89-5E-4A-82-1B-D3-0E-1A-68-B7-50-F2-79-EA-29-2B">
      <ModulePath>C:\Program Files\dotnet\shared\Microsoft.NETCore.App\3.0.0\System.Linq.dll</ModulePath>
      <ModuleTime>2019-09-13T19:08:54Z</ModuleTime>
      <ModuleName>System.Linq</ModuleName>
      <Classes />
    </Module>
    <Module skippedDueTo="Filter" hash="B3-34-CA-2B-39-F4-74-72-CC-34-4F-AC-8E-24-81-06-B0-52-9A-2B">
      <ModulePath>C:\Program Files\dotnet\shared\Microsoft.NETCore.App\3.0.0\System.Runtime.Extensions.dll</ModulePath>
      <ModuleTime>2019-09-13T19:08:56Z</ModuleTime>
      <ModuleName>System.Runtime.Extensions</ModuleName>
      <Classes />
    </Module>
    <Module skippedDueTo="Filter" hash="36-0B-1C-49-EB-C1-89-08-AC-4B-28-61-BC-51-24-3C-5E-88-66-C2">
      <ModulePath>C:\Program Files\dotnet\shared\Microsoft.NETCore.App\3.0.0\System.Console.dll</ModulePath>
      <ModuleTime>2019-09-13T19:08:50Z</ModuleTime>
      <ModuleName>System.Console</ModuleName>
      <Classes />
    </Module>
    <Module skippedDueTo="Filter" hash="40-F4-26-B6-FB-2D-77-A3-7F-DB-5C-F9-01-91-A8-F6-B5-E9-67-E7">
      <ModulePath>C:\Program Files\dotnet\shared\Microsoft.NETCore.App\3.0.0\System.Text.RegularExpressions.dll</ModulePath>
      <ModuleTime>2019-09-13T19:08:58Z</ModuleTime>
      <ModuleName>System.Text.RegularExpressions</ModuleName>
      <Classes />
    </Module>
    <Module skippedDueTo="Filter" hash="AF-E6-7B-01-02-B0-CA-AC-23-69-EF-E2-85-E2-A7-70-2B-E1-A9-14">
      <ModulePath>C:\Program Files\dotnet\shared\Microsoft.NETCore.App\3.0.0\System.Threading.dll</ModulePath>
      <ModuleTime>2019-09-13T19:08:58Z</ModuleTime>
      <ModuleName>System.Threading</ModuleName>
      <Classes />
    </Module>
    <Module skippedDueTo="Filter" hash="9A-3F-13-63-C8-C8-E9-25-E9-A8-7C-4F-02-C7-3F-CD-BF-CB-6E-AD">
      <ModulePath>C:\Program Files\dotnet\shared\Microsoft.NETCore.App\3.0.0\System.Buffers.dll</ModulePath>
      <ModuleTime>2019-09-13T19:08:48Z</ModuleTime>
      <ModuleName>System.Buffers</ModuleName>
      <Classes />
    </Module>
    <Module skippedDueTo="Filter" hash="94-14-03-F1-37-73-63-17-D3-F8-F4-74-97-49-D0-A1-13-D5-06-89">
      <ModulePath>C:\Program Files\dotnet\shared\Microsoft.NETCore.App\3.0.0\System.Memory.dll</ModulePath>
      <ModuleTime>2019-09-13T19:08:56Z</ModuleTime>
      <ModuleName>System.Memory</ModuleName>
      <Classes />
    </Module>
    <Module skippedDueTo="Filter" hash="DD-4B-1C-39-C2-71-7A-6A-EB-F8-06-10-83-5A-8D-F5-76-A1-74-EE">
      <ModulePath>C:\Program Files\dotnet\shared\Microsoft.NETCore.App\3.0.0\System.Text.Encoding.Extensions.dll</ModulePath>
      <ModuleTime>2019-09-13T19:08:56Z</ModuleTime>
      <ModuleName>System.Text.Encoding.Extensions</ModuleName>
      <Classes />
    </Module>
    <Module skippedDueTo="Filter" hash="BA-7B-5C-E2-62-EA-0A-F2-61-10-E2-9E-C1-36-85-12-93-E7-2B-8E">
      <ModulePath>C:\Program Files\dotnet\shared\Microsoft.NETCore.App\3.0.0\System.Runtime.InteropServices.dll</ModulePath>
      <ModuleTime>2019-09-13T19:08:52Z</ModuleTime>
      <ModuleName>System.Runtime.InteropServices</ModuleName>
      <Classes />
    </Module>
  </Modules>
</CoverageSession>